<?xml version="1.0" encoding="UTF-8"?>
<!-- Generated by org.testng.reporters.JUnitReportReporter -->
<testsuite hostname="UMESH-PC" failures="0" tests="3" name="httprequests.HTTPRequest" time="13.617" errors="0" timestamp="2025-04-17T23:33:27 IST" skipped="0">
  <testcase classname="httprequests.HTTPRequest" name="getUser" time="10.966"/>
  <system-out/>
  <testcase classname="httprequests.HTTPRequest" name="createUser" time="1.752"/>
  <system-out/>
  <testcase classname="httprequests.HTTPRequest" name="updateUser" time="0.899"/>
  <system-out/>
</testsuite> <!-- httprequests.HTTPRequest -->
