<?xml version="1.0" encoding="UTF-8"?>
<!-- Generated by org.testng.reporters.JUnitReportReporter -->
<testsuite hostname="UMESH-PC" failures="0" tests="1" name="Session3.LoggingDiffWaysToShow" time="3.401" errors="0" timestamp="2025-04-20T18:47:45 IST" skipped="0">
  <testcase classname="Session3.LoggingDiffWaysToShow" name="testLogs" time="3.401"/>
  <system-out/>
</testsuite> <!-- Session3.LoggingDiffWaysToShow -->
