<?xml version="1.0" encoding="UTF-8"?>
<!-- Generated by org.testng.reporters.JUnitReportReporter -->
<testsuite hostname="UMESH-PC" failures="0" tests="2" name="Session2.DifferentWaysToCreatePostRequest" time="6.269" errors="0" timestamp="2025-04-19T00:01:29 IST" skipped="0">
  <testcase classname="Session2.DifferentWaysToCreatePostRequest" name="testPostusingHashMap" time="3.885"/>
  <system-out/>
  <testcase classname="Session2.DifferentWaysToCreatePostRequest" name="testDelete" time="2.384"/>
  <system-out/>
</testsuite> <!-- Session2.DifferentWaysToCreatePostRequest -->
