<?xml version="1.0" encoding="UTF-8"?>
<!-- Generated by org.testng.reporters.JUnitReportReporter -->
<testsuite hostname="UMESH-PC" failures="0" tests="1" name="Session3.HeadersDemo" time="4.119" errors="0" timestamp="2025-04-20T18:31:17 IST" skipped="0">
  <testcase classname="Session3.HeadersDemo" name="gettHeaders" time="4.119"/>
  <system-out/>
</testsuite> <!-- Session3.HeadersDemo -->
