<?xml version="1.0" encoding="UTF-8"?>
<!-- Generated by org.testng.reporters.JUnitReportReporter -->
<testsuite hostname="UMESH-PC" failures="0" tests="1" name="Session3.PathAndQueryParameters" time="4.758" errors="0" timestamp="2025-04-20T01:05:16 IST" skipped="0">
  <testcase classname="Session3.PathAndQueryParameters" name="testPathAndQueryParameter" time="4.758"/>
  <system-out/>
</testsuite> <!-- Session3.PathAndQueryParameters -->
